<?xml version="1.0" encoding="UTF-8"?>
<testng-results ignored="0" total="2" passed="2" failed="0" skipped="0">
  <reporter-output>
  </reporter-output>
  <suite started-at="2022-07-14T20:43:48 EDT" name="Suite" finished-at="2022-07-14T20:43:53 EDT" duration-ms="4901">
    <groups>
    </groups>
    <test started-at="2022-07-14T20:43:48 EDT" name="Test2" finished-at="2022-07-14T20:43:51 EDT" duration-ms="3159">
      <class name="selFast1.selFast1.A">
        <test-method is-config="true" signature="driverLoad()[pri:0, instance:selFast1.selFast1.A@5c6648b0]" started-at="2022-07-14T20:43:48 EDT" name="driverLoad" finished-at="2022-07-14T20:43:48 EDT" duration-ms="6" status="PASS">
          <reporter-output>
          </reporter-output>
        </test-method> <!-- driverLoad -->
        <test-method signature="test(java.lang.String)[pri:0, instance:selFast1.selFast1.A@5c6648b0]" started-at="2022-07-14T20:43:48 EDT" name="test" finished-at="2022-07-14T20:43:51 EDT" duration-ms="3121" status="PASS">
          <params>
            <param index="0">
              <value>
                <![CDATA[gc]]>
              </value>
            </param>
          </params>
          <reporter-output>
          </reporter-output>
        </test-method> <!-- test -->
      </class> <!-- selFast1.selFast1.A -->
    </test> <!-- Test2 -->
    <test started-at="2022-07-14T20:43:48 EDT" name="Test1" finished-at="2022-07-14T20:43:53 EDT" duration-ms="4901">
      <class name="selFast1.selFast1.A">
        <test-method is-config="true" signature="driverLoad()[pri:0, instance:selFast1.selFast1.A@223d2c72]" started-at="2022-07-14T20:43:48 EDT" name="driverLoad" finished-at="2022-07-14T20:43:48 EDT" duration-ms="6" status="PASS">
          <reporter-output>
          </reporter-output>
        </test-method> <!-- driverLoad -->
        <test-method signature="test(java.lang.String)[pri:0, instance:selFast1.selFast1.A@223d2c72]" started-at="2022-07-14T20:43:48 EDT" name="test" finished-at="2022-07-14T20:43:53 EDT" duration-ms="4870" status="PASS">
          <params>
            <param index="0">
              <value>
                <![CDATA[ff]]>
              </value>
            </param>
          </params>
          <reporter-output>
          </reporter-output>
        </test-method> <!-- test -->
      </class> <!-- selFast1.selFast1.A -->
    </test> <!-- Test1 -->
  </suite> <!-- Suite -->
</testng-results>
